# JRE version: OpenJDK Runtime Environment (8.0_222-b10) (build 1.8.0_222-8u222-b10-1ubuntu1~18.04.1-b10)
# Java VM: OpenJDK 64-Bit Server VM (25.222-b10 mixed mode linux-amd64 compressed oops)
Heap:
 PSYoungGen      total 399360K, used 14033K [0x00000000d6e00000, 0x00000000f0a00000, 0x0000000100000000)
  eden space 379904K, 0% used [0x00000000d6e00000,0x00000000d6e00000,0x00000000ee100000)
  from space 19456K, 72% used [0x00000000ee400000,0x00000000ef1b4668,0x00000000ef700000)
  to   space 12288K, 0% used [0x00000000efe00000,0x00000000efe00000,0x00000000f0a00000)
 ParOldGen       total 65024K, used 25122K [0x0000000084a00000, 0x0000000088980000, 0x00000000d6e00000)
  object space 65024K, 38% used [0x0000000084a00000,0x00000000862888e8,0x0000000088980000)
 Metaspace       used 56200K, capacity 58930K, committed 59028K, reserved 1099776K
  class space    used 7574K, capacity 8057K, committed 8152K, reserved 1048576K
GC Heap History (10 events):
Event: 11,679 GC heap after
Heap after GC invocations=6 (full 1):
 PSYoungGen      total 132096K, used 5106K [0x00000000d6e00000, 0x00000000e5a00000, 0x0000000100000000)
  eden space 126976K, 0% used [0x00000000d6e00000,0x00000000d6e00000,0x00000000dea00000)
  from space 5120K, 99% used [0x00000000dea00000,0x00000000deefca60,0x00000000def00000)
  to   space 10752K, 0% used [0x00000000e4f80000,0x00000000e4f80000,0x00000000e5a00000)
 ParOldGen       total 52736K, used 11321K [0x0000000084a00000, 0x0000000087d80000, 0x00000000d6e00000)
  object space 52736K, 21% used [0x0000000084a00000,0x000000008550e5c0,0x0000000087d80000)
 Metaspace       used 24864K, capacity 25946K, committed 26240K, reserved 1073152K
  class space    used 3154K, capacity 3389K, committed 3456K, reserved 1048576K
}
Event: 14,933 GC heap before
{Heap before GC invocations=7 (full 1):
 PSYoungGen      total 132096K, used 132082K [0x00000000d6e00000, 0x00000000e5a00000, 0x0000000100000000)
  eden space 126976K, 100% used [0x00000000d6e00000,0x00000000dea00000,0x00000000dea00000)
  from space 5120K, 99% used [0x00000000dea00000,0x00000000deefca60,0x00000000def00000)
  to   space 10752K, 0% used [0x00000000e4f80000,0x00000000e4f80000,0x00000000e5a00000)
 ParOldGen       total 52736K, used 11321K [0x0000000084a00000, 0x0000000087d80000, 0x00000000d6e00000)
  object space 52736K, 21% used [0x0000000084a00000,0x000000008550e5c0,0x0000000087d80000)
 Metaspace       used 31590K, capacity 33198K, committed 33280K, reserved 1079296K
  class space    used 4040K, capacity 4337K, committed 4352K, reserved 1048576K
Event: 14,993 GC heap after
Heap after GC invocations=7 (full 1):
 PSYoungGen      total 229376K, used 10735K [0x00000000d6e00000, 0x00000000e5f00000, 0x0000000100000000)
  eden space 218624K, 0% used [0x00000000d6e00000,0x00000000d6e00000,0x00000000e4380000)
  from space 10752K, 99% used [0x00000000e4f80000,0x00000000e59fbf58,0x00000000e5a00000)
  to   space 12288K, 0% used [0x00000000e4380000,0x00000000e4380000,0x00000000e4f80000)
 ParOldGen       total 52736K, used 11395K [0x0000000084a00000, 0x0000000087d80000, 0x00000000d6e00000)
  object space 52736K, 21% used [0x0000000084a00000,0x0000000085520ee0,0x0000000087d80000)
 Metaspace       used 31590K, capacity 33198K, committed 33280K, reserved 1079296K
  class space    used 4040K, capacity 4337K, committed 4352K, reserved 1048576K
}
Event: 15,919 GC heap before
{Heap before GC invocations=8 (full 1):
 PSYoungGen      total 229376K, used 40726K [0x00000000d6e00000, 0x00000000e5f00000, 0x0000000100000000)
  eden space 218624K, 13% used [0x00000000d6e00000,0x00000000d8b49b80,0x00000000e4380000)
  from space 10752K, 99% used [0x00000000e4f80000,0x00000000e59fbf58,0x00000000e5a00000)
  to   space 12288K, 0% used [0x00000000e4380000,0x00000000e4380000,0x00000000e4f80000)
 ParOldGen       total 52736K, used 11395K [0x0000000084a00000, 0x0000000087d80000, 0x00000000d6e00000)
  object space 52736K, 21% used [0x0000000084a00000,0x0000000085520ee0,0x0000000087d80000)
 Metaspace       used 33679K, capacity 35360K, committed 35416K, reserved 1079296K
  class space    used 4338K, capacity 4666K, committed 4696K, reserved 1048576K
Event: 15,960 GC heap after
Heap after GC invocations=8 (full 1):
 PSYoungGen      total 230912K, used 8132K [0x00000000d6e00000, 0x00000000f0a00000, 0x0000000100000000)
  eden space 218624K, 0% used [0x00000000d6e00000,0x00000000d6e00000,0x00000000e4380000)
  from space 12288K, 66% used [0x00000000e4380000,0x00000000e4b71038,0x00000000e4f80000)
  to   space 12288K, 0% used [0x00000000efe00000,0x00000000efe00000,0x00000000f0a00000)
 ParOldGen       total 52736K, used 11403K [0x0000000084a00000, 0x0000000087d80000, 0x00000000d6e00000)
  object space 52736K, 21% used [0x0000000084a00000,0x0000000085522ee0,0x0000000087d80000)
 Metaspace       used 33679K, capacity 35360K, committed 35416K, reserved 1079296K
  class space    used 4338K, capacity 4666K, committed 4696K, reserved 1048576K
}
Event: 15,960 GC heap before
{Heap before GC invocations=9 (full 2):
 PSYoungGen      total 230912K, used 8132K [0x00000000d6e00000, 0x00000000f0a00000, 0x0000000100000000)
  eden space 218624K, 0% used [0x00000000d6e00000,0x00000000d6e00000,0x00000000e4380000)
  from space 12288K, 66% used [0x00000000e4380000,0x00000000e4b71038,0x00000000e4f80000)
  to   space 12288K, 0% used [0x00000000efe00000,0x00000000efe00000,0x00000000f0a00000)
 ParOldGen       total 52736K, used 11403K [0x0000000084a00000, 0x0000000087d80000, 0x00000000d6e00000)
  object space 52736K, 21% used [0x0000000084a00000,0x0000000085522ee0,0x0000000087d80000)
 Metaspace       used 33679K, capacity 35360K, committed 35416K, reserved 1079296K
  class space    used 4338K, capacity 4666K, committed 4696K, reserved 1048576K
Event: 16,031 GC heap after
Heap after GC invocations=9 (full 2):
 PSYoungGen      total 230912K, used 0K [0x00000000d6e00000, 0x00000000f0a00000, 0x0000000100000000)
  eden space 218624K, 0% used [0x00000000d6e00000,0x00000000d6e00000,0x00000000e4380000)
  from space 12288K, 0% used [0x00000000e4380000,0x00000000e4380000,0x00000000e4f80000)
  to   space 12288K, 0% used [0x00000000efe00000,0x00000000efe00000,0x00000000f0a00000)
 ParOldGen       total 65024K, used 12217K [0x0000000084a00000, 0x0000000088980000, 0x00000000d6e00000)
  object space 65024K, 18% used [0x0000000084a00000,0x00000000855ee7d8,0x0000000088980000)
 Metaspace       used 33679K, capacity 35360K, committed 35416K, reserved 1079296K
  class space    used 4338K, capacity 4666K, committed 4696K, reserved 1048576K
}
Event: 26,374 GC heap before
{Heap before GC invocations=10 (full 2):
 PSYoungGen      total 230912K, used 218624K [0x00000000d6e00000, 0x00000000f0a00000, 0x0000000100000000)
  eden space 218624K, 100% used [0x00000000d6e00000,0x00000000e4380000,0x00000000e4380000)
  from space 12288K, 0% used [0x00000000e4380000,0x00000000e4380000,0x00000000e4f80000)
  to   space 12288K, 0% used [0x00000000efe00000,0x00000000efe00000,0x00000000f0a00000)
 ParOldGen       total 65024K, used 12217K [0x0000000084a00000, 0x0000000088980000, 0x00000000d6e00000)
  object space 65024K, 18% used [0x0000000084a00000,0x00000000855ee7d8,0x0000000088980000)
 Metaspace       used 54070K, capacity 56660K, committed 56664K, reserved 1097728K
  class space    used 7288K, capacity 7766K, committed 7768K, reserved 1048576K
Event: 26,423 GC heap after
Heap after GC invocations=10 (full 2):
 PSYoungGen      total 392192K, used 12274K [0x00000000d6e00000, 0x00000000f0a00000, 0x0000000100000000)
  eden space 379904K, 0% used [0x00000000d6e00000,0x00000000d6e00000,0x00000000ee100000)
  from space 12288K, 99% used [0x00000000efe00000,0x00000000f09fc9c8,0x00000000f0a00000)
  to   space 19456K, 0% used [0x00000000ee400000,0x00000000ee400000,0x00000000ef700000)
 ParOldGen       total 65024K, used 25114K [0x0000000084a00000, 0x0000000088980000, 0x00000000d6e00000)
  object space 65024K, 38% used [0x0000000084a00000,0x00000000862868e8,0x0000000088980000)
 Metaspace       used 54070K, capacity 56660K, committed 56664K, reserved 1097728K
  class space    used 7288K, capacity 7766K, committed 7768K, reserved 1048576K
}
Event: 42,899 GC heap before
{Heap before GC invocations=11 (full 2):
 PSYoungGen      total 392192K, used 71335K [0x00000000d6e00000, 0x00000000f0a00000, 0x0000000100000000)
  eden space 379904K, 15% used [0x00000000d6e00000,0x00000000da7ad300,0x00000000ee100000)
  from space 12288K, 99% used [0x00000000efe00000,0x00000000f09fc9c8,0x00000000f0a00000)
  to   space 19456K, 0% used [0x00000000ee400000,0x00000000ee400000,0x00000000ef700000)
 ParOldGen       total 65024K, used 25114K [0x0000000084a00000, 0x0000000088980000, 0x00000000d6e00000)
  object space 65024K, 38% used [0x0000000084a00000,0x00000000862868e8,0x0000000088980000)
 Metaspace       used 56200K, capacity 58930K, committed 59028K, reserved 1099776K
  class space    used 7574K, capacity 8057K, committed 8152K, reserved 1048576K

